<?xml version="1.0" encoding="utf-8"?><testsuites name="pytest tests"><testsuite name="pytest" errors="0" failures="0" skipped="0" tests="16" time="47.314" timestamp="2026-07-01T13:34:34.785397+00:00" hostname="agent-env-43bb2127-5e5c-496b-bc19-5a1f6e6a0189"><testcase classname="tests.test_backend.TestAuth" name="test_01_register" time="0.402" /><testcase classname="tests.test_backend.TestAuth" name="test_02_register_duplicate" time="0.258" /><testcase classname="tests.test_backend.TestWorkspace" name="test_01_get_empty" time="1.022" /><testcase classname="tests.test_backend.TestAuth" name="test_03_login_valid" time="0.359" /><testcase classname="tests.test_backend.TestAuth" name="test_04_login_invalid" time="0.335" /><testcase classname="tests.test_backend.TestWorkspace" name="test_02_get_unauthorized" time="0.099" /><testcase classname="tests.test_backend.TestWorkspace" name="test_03_put_workspace" time="0.235" /><testcase classname="tests.test_backend.TestAuth" name="test_05_me_authorized" time="0.142" /><testcase classname="tests.test_backend.TestWorkspace" name="test_04_get_after_put" time="0.169" /><testcase classname="tests.test_backend.TestAuth" name="test_06_me_unauthorized" time="0.100" /><testcase classname="tests.test_backend.TestWorkspace" name="test_05_put_unauthorized" time="0.113" /><testcase classname="tests.test_backend.TestAuth" name="test_07_admin_login" time="0.321" /><testcase classname="tests.test_backend.TestWorkspace" name="test_06_upsert_updates" time="0.379" /><testcase classname="tests.test_backend.TestResearch" name="test_01_research_shape" time="44.701" /><testcase classname="tests.test_backend.TestHealth" name="test_root" time="0.138" /><testcase classname="tests.test_backend.TestResearch" name="test_02_research_empty_name" time="0.178" /></testsuite></testsuites>