<?xml version="1.0" encoding="utf-8"?><testsuites name="pytest tests"><testsuite name="pytest" errors="0" failures="0" skipped="0" tests="17" time="86.673" timestamp="2026-07-30T19:09:31.636079+00:00" hostname="agent-env-43bb2127-5e5c-496b-bc19-5a1f6e6a0189"><testcase classname="tests.test_backend.TestAuth" name="test_01_register" time="0.699" /><testcase classname="tests.test_backend.TestWorkspace" name="test_01_get_empty" time="0.920" /><testcase classname="tests.test_backend.TestAuth" name="test_02_register_duplicate" time="0.146" /><testcase classname="tests.test_backend.TestAuth" name="test_03_login_valid" time="0.404" /><testcase classname="tests.test_backend.TestWorkspace" name="test_02_get_unauthorized" time="0.319" /><testcase classname="tests.test_backend.TestWorkspace" name="test_03_put_workspace" time="0.363" /><testcase classname="tests.test_backend.TestAuth" name="test_04_login_invalid" time="0.353" /><testcase classname="tests.test_backend.TestWorkspace" name="test_04_get_after_put" time="0.111" /><testcase classname="tests.test_backend.TestAuth" name="test_05_me_authorized" time="0.197" /><testcase classname="tests.test_backend.TestWorkspace" name="test_05_put_unauthorized" time="0.110" /><testcase classname="tests.test_backend.TestAuth" name="test_06_me_unauthorized" time="0.216" /><testcase classname="tests.test_backend.TestWorkspace" name="test_06_upsert_updates" time="0.261" /><testcase classname="tests.test_backend.TestAuth" name="test_07_admin_login" time="0.351" /><testcase classname="tests.test_backend.TestResearch" name="test_01_research_shape" time="44.458" /><testcase classname="tests.test_backend.TestHealth" name="test_root" time="0.116" /><testcase classname="tests.test_backend.TestResearch" name="test_02_research_with_url" time="39.454" /><testcase classname="tests.test_backend.TestResearch" name="test_03_research_empty_name" time="0.186" /></testsuite></testsuites>